Arguments: 
  /usr/local/bin/node /usr/local/Cellar/yarn/1.12.1/libexec/bin/yarn.js publish

PATH: 
  /usr/local/bin:/usr/bin:/bin:/usr/sbin:/sbin:/usr/local/share/dotnet:~/.dotnet/tools:/Library/Frameworks/Mono.framework/Versions/Current/Commands:/Applications/Xamarin Workbooks.app/Contents/SharedSupport/path-bin

Yarn version: 
  1.12.1

Node version: 
  8.11.2

Platform: 
  darwin x64

Trace: 
  SyntaxError: /Users/orue/Documents/test-projects/lerna/package.json: Unexpected token ` in JSON at position 271
      at JSON.parse (<anonymous>)
      at /usr/local/Cellar/yarn/1.12.1/libexec/lib/cli.js:1166:59
      at Generator.next (<anonymous>)
      at step (/usr/local/Cellar/yarn/1.12.1/libexec/lib/cli.js:92:30)
      at /usr/local/Cellar/yarn/1.12.1/libexec/lib/cli.js:103:13
      at <anonymous>

npm manifest: 
  {
    "name": "lerna-orue",
    "version": "1.0.1",
    "private": false,
    "devDependencies": {
      "lerna": "^3.13.2"
    },
    "scripts": {
      "publish": "lerna run tsc && lerna publish"
    },
    "dependencies": {
      "@types/node": "^11.13.4",
      "typescript": "^3.4.3"
    }
  }
  ``

yarn manifest: 
  No manifest

Lockfile: 
  No lockfile
